0 info it worked if it ends with ok
1 verbose cli [ '/usr/bin/node',
1 verbose cli   '/usr/bin/npm',
1 verbose cli   'install',
1 verbose cli   '--global',
1 verbose cli   'web-ext' ]
2 info using npm@3.5.2
3 info using node@v8.10.0
4 silly loadCurrentTree Starting
5 silly install loadCurrentTree
6 silly install readGlobalPackageData
7 silly fetchPackageMetaData web-ext
8 silly fetchNamedPackageData web-ext
9 silly mapToRegistry name web-ext
10 silly mapToRegistry using default registry
11 silly mapToRegistry registry https://registry.npmjs.org/
12 silly mapToRegistry uri https://registry.npmjs.org/web-ext
13 verbose request uri https://registry.npmjs.org/web-ext
14 verbose request no auth needed
15 info attempt registry request try #1 at 4:31:19 PM
16 verbose request id ce5e2b93a690e116
17 verbose etag W/"cee32becf50aeadedde093a7d8d50875"
18 verbose lastModified Fri, 10 Sep 2021 17:14:07 GMT
19 http request GET https://registry.npmjs.org/web-ext
20 http 304 https://registry.npmjs.org/web-ext
21 verbose headers { date: 'Sun, 19 Sep 2021 13:31:18 GMT',
21 verbose headers   connection: 'keep-alive',
21 verbose headers   'cf-ray': '69132c72eabead73-TLV',
21 verbose headers   age: '23',
21 verbose headers   'cache-control': 'public, max-age=300',
21 verbose headers   etag: '"cee32becf50aeadedde093a7d8d50875"',
21 verbose headers   'last-modified': 'Fri, 10 Sep 2021 17:14:07 GMT',
21 verbose headers   vary: 'Accept-Encoding',
21 verbose headers   'cf-cache-status': 'HIT',
21 verbose headers   'expect-ct': 'max-age=604800, report-uri="https://report-uri.cloudflare.com/cdn-cgi/beacon/expect-ct"',
21 verbose headers   'x-amz-replication-status': 'COMPLETED',
21 verbose headers   server: 'cloudflare' }
22 silly get cb [ 304,
22 silly get   { date: 'Sun, 19 Sep 2021 13:31:18 GMT',
22 silly get     connection: 'keep-alive',
22 silly get     'cf-ray': '69132c72eabead73-TLV',
22 silly get     age: '23',
22 silly get     'cache-control': 'public, max-age=300',
22 silly get     etag: '"cee32becf50aeadedde093a7d8d50875"',
22 silly get     'last-modified': 'Fri, 10 Sep 2021 17:14:07 GMT',
22 silly get     vary: 'Accept-Encoding',
22 silly get     'cf-cache-status': 'HIT',
22 silly get     'expect-ct': 'max-age=604800, report-uri="https://report-uri.cloudflare.com/cdn-cgi/beacon/expect-ct"',
22 silly get     'x-amz-replication-status': 'COMPLETED',
22 silly get     server: 'cloudflare' } ]
23 verbose etag https://registry.npmjs.org/web-ext from cache
24 verbose get saving web-ext to /home/yuval/.npm/registry.npmjs.org/web-ext/.cache.json
25 silly install normalizeTree
26 silly loadCurrentTree Finishing
27 silly loadIdealTree Starting
28 silly install loadIdealTree
29 silly cloneCurrentTree Starting
30 silly install cloneCurrentTreeToIdealTree
31 silly cloneCurrentTree Finishing
32 silly loadShrinkwrap Starting
33 silly install loadShrinkwrap
34 silly loadShrinkwrap Finishing
35 silly loadAllDepsIntoIdealTree Starting
36 silly install loadAllDepsIntoIdealTree
37 silly resolveWithNewModule web-ext@6.4.0 checking installable status
38 silly cache add args [ 'web-ext', null ]
39 verbose cache add spec web-ext
40 silly cache add parsed spec Result {
40 silly cache add   raw: 'web-ext',
40 silly cache add   scope: null,
40 silly cache add   name: 'web-ext',
40 silly cache add   rawSpec: '',
40 silly cache add   spec: 'latest',
40 silly cache add   type: 'tag' }
41 silly addNamed web-ext@latest
42 verbose addNamed "latest" is being treated as a dist-tag for web-ext
43 info addNameTag [ 'web-ext', 'latest' ]
44 silly mapToRegistry name web-ext
45 silly mapToRegistry using default registry
46 silly mapToRegistry registry https://registry.npmjs.org/
47 silly mapToRegistry uri https://registry.npmjs.org/web-ext
48 verbose addNameTag registry:https://registry.npmjs.org/web-ext not in flight; fetching
49 verbose get https://registry.npmjs.org/web-ext not expired, no request
50 silly addNameTag next cb for web-ext with tag latest
51 silly addNamed web-ext@6.4.0
52 verbose addNamed "6.4.0" is a plain semver version for web-ext
53 silly cache afterAdd web-ext@6.4.0
54 verbose afterAdd /home/yuval/.npm/web-ext/6.4.0/package/package.json not in flight; writing
55 verbose afterAdd /home/yuval/.npm/web-ext/6.4.0/package/package.json written
56 silly fetchNamedPackageData @babel/runtime
57 silly mapToRegistry name @babel/runtime
58 silly mapToRegistry scope (from package name) @babel
59 verbose mapToRegistry no registry URL found in name for scope @babel
60 silly mapToRegistry using default registry
61 silly mapToRegistry registry https://registry.npmjs.org/
62 silly mapToRegistry uri https://registry.npmjs.org/@babel%2fruntime
63 silly fetchNamedPackageData @devicefarmer/adbkit
64 silly mapToRegistry name @devicefarmer/adbkit
65 silly mapToRegistry scope (from package name) @devicefarmer
66 verbose mapToRegistry no registry URL found in name for scope @devicefarmer
67 silly mapToRegistry using default registry
68 silly mapToRegistry registry https://registry.npmjs.org/
69 silly mapToRegistry uri https://registry.npmjs.org/@devicefarmer%2fadbkit
70 silly fetchNamedPackageData addons-linter
71 silly mapToRegistry name addons-linter
72 silly mapToRegistry using default registry
73 silly mapToRegistry registry https://registry.npmjs.org/
74 silly mapToRegistry uri https://registry.npmjs.org/addons-linter
75 silly fetchNamedPackageData bunyan
76 silly mapToRegistry name bunyan
77 silly mapToRegistry using default registry
78 silly mapToRegistry registry https://registry.npmjs.org/
79 silly mapToRegistry uri https://registry.npmjs.org/bunyan
80 silly fetchNamedPackageData camelcase
81 silly mapToRegistry name camelcase
82 silly mapToRegistry using default registry
83 silly mapToRegistry registry https://registry.npmjs.org/
84 silly mapToRegistry uri https://registry.npmjs.org/camelcase
85 silly fetchNamedPackageData chrome-launcher
86 silly mapToRegistry name chrome-launcher
87 silly mapToRegistry using default registry
88 silly mapToRegistry registry https://registry.npmjs.org/
89 silly mapToRegistry uri https://registry.npmjs.org/chrome-launcher
90 silly fetchNamedPackageData debounce
91 silly mapToRegistry name debounce
92 silly mapToRegistry using default registry
93 silly mapToRegistry registry https://registry.npmjs.org/
94 silly mapToRegistry uri https://registry.npmjs.org/debounce
95 silly fetchNamedPackageData decamelize
96 silly mapToRegistry name decamelize
97 silly mapToRegistry using default registry
98 silly mapToRegistry registry https://registry.npmjs.org/
99 silly mapToRegistry uri https://registry.npmjs.org/decamelize
100 silly fetchNamedPackageData es6-error
101 silly mapToRegistry name es6-error
102 silly mapToRegistry using default registry
103 silly mapToRegistry registry https://registry.npmjs.org/
104 silly mapToRegistry uri https://registry.npmjs.org/es6-error
105 silly fetchNamedPackageData event-to-promise
106 silly mapToRegistry name event-to-promise
107 silly mapToRegistry using default registry
108 silly mapToRegistry registry https://registry.npmjs.org/
109 silly mapToRegistry uri https://registry.npmjs.org/event-to-promise
110 silly fetchNamedPackageData firefox-profile
111 silly mapToRegistry name firefox-profile
112 silly mapToRegistry using default registry
113 silly mapToRegistry registry https://registry.npmjs.org/
114 silly mapToRegistry uri https://registry.npmjs.org/firefox-profile
115 silly fetchNamedPackageData fs-extra
116 silly mapToRegistry name fs-extra
117 silly mapToRegistry using default registry
118 silly mapToRegistry registry https://registry.npmjs.org/
119 silly mapToRegistry uri https://registry.npmjs.org/fs-extra
120 silly fetchNamedPackageData fx-runner
121 silly mapToRegistry name fx-runner
122 silly mapToRegistry using default registry
123 silly mapToRegistry registry https://registry.npmjs.org/
124 silly mapToRegistry uri https://registry.npmjs.org/fx-runner
125 silly fetchNamedPackageData import-fresh
126 silly mapToRegistry name import-fresh
127 silly mapToRegistry using default registry
128 silly mapToRegistry registry https://registry.npmjs.org/
129 silly mapToRegistry uri https://registry.npmjs.org/import-fresh
130 silly fetchNamedPackageData mkdirp
131 silly mapToRegistry name mkdirp
132 silly mapToRegistry using default registry
133 silly mapToRegistry registry https://registry.npmjs.org/
134 silly mapToRegistry uri https://registry.npmjs.org/mkdirp
135 silly fetchNamedPackageData multimatch
136 silly mapToRegistry name multimatch
137 silly mapToRegistry using default registry
138 silly mapToRegistry registry https://registry.npmjs.org/
139 silly mapToRegistry uri https://registry.npmjs.org/multimatch
140 silly fetchNamedPackageData mz
141 silly mapToRegistry name mz
142 silly mapToRegistry using default registry
143 silly mapToRegistry registry https://registry.npmjs.org/
144 silly mapToRegistry uri https://registry.npmjs.org/mz
145 silly fetchNamedPackageData node-notifier
146 silly mapToRegistry name node-notifier
147 silly mapToRegistry using default registry
148 silly mapToRegistry registry https://registry.npmjs.org/
149 silly mapToRegistry uri https://registry.npmjs.org/node-notifier
150 silly fetchNamedPackageData open
151 silly mapToRegistry name open
152 silly mapToRegistry using default registry
153 silly mapToRegistry registry https://registry.npmjs.org/
154 silly mapToRegistry uri https://registry.npmjs.org/open
155 silly fetchNamedPackageData parse-json
156 silly mapToRegistry name parse-json
157 silly mapToRegistry using default registry
158 silly mapToRegistry registry https://registry.npmjs.org/
159 silly mapToRegistry uri https://registry.npmjs.org/parse-json
160 silly fetchNamedPackageData sign-addon
161 silly mapToRegistry name sign-addon
162 silly mapToRegistry using default registry
163 silly mapToRegistry registry https://registry.npmjs.org/
164 silly mapToRegistry uri https://registry.npmjs.org/sign-addon
165 silly fetchNamedPackageData source-map-support
166 silly mapToRegistry name source-map-support
167 silly mapToRegistry using default registry
168 silly mapToRegistry registry https://registry.npmjs.org/
169 silly mapToRegistry uri https://registry.npmjs.org/source-map-support
170 silly fetchNamedPackageData strip-bom
171 silly mapToRegistry name strip-bom
172 silly mapToRegistry using default registry
173 silly mapToRegistry registry https://registry.npmjs.org/
174 silly mapToRegistry uri https://registry.npmjs.org/strip-bom
175 silly fetchNamedPackageData strip-json-comments
176 silly mapToRegistry name strip-json-comments
177 silly mapToRegistry using default registry
178 silly mapToRegistry registry https://registry.npmjs.org/
179 silly mapToRegistry uri https://registry.npmjs.org/strip-json-comments
180 silly fetchNamedPackageData tmp
181 silly mapToRegistry name tmp
182 silly mapToRegistry using default registry
183 silly mapToRegistry registry https://registry.npmjs.org/
184 silly mapToRegistry uri https://registry.npmjs.org/tmp
185 silly fetchNamedPackageData update-notifier
186 silly mapToRegistry name update-notifier
187 silly mapToRegistry using default registry
188 silly mapToRegistry registry https://registry.npmjs.org/
189 silly mapToRegistry uri https://registry.npmjs.org/update-notifier
190 silly fetchNamedPackageData watchpack
191 silly mapToRegistry name watchpack
192 silly mapToRegistry using default registry
193 silly mapToRegistry registry https://registry.npmjs.org/
194 silly mapToRegistry uri https://registry.npmjs.org/watchpack
195 silly fetchNamedPackageData ws
196 silly mapToRegistry name ws
197 silly mapToRegistry using default registry
198 silly mapToRegistry registry https://registry.npmjs.org/
199 silly mapToRegistry uri https://registry.npmjs.org/ws
200 silly fetchNamedPackageData yargs
201 silly mapToRegistry name yargs
202 silly mapToRegistry using default registry
203 silly mapToRegistry registry https://registry.npmjs.org/
204 silly mapToRegistry uri https://registry.npmjs.org/yargs
205 silly fetchNamedPackageData zip-dir
206 silly mapToRegistry name zip-dir
207 silly mapToRegistry using default registry
208 silly mapToRegistry registry https://registry.npmjs.org/
209 silly mapToRegistry uri https://registry.npmjs.org/zip-dir
210 verbose request uri https://registry.npmjs.org/@devicefarmer%2fadbkit
211 verbose request no auth needed
212 info attempt registry request try #1 at 4:31:19 PM
213 verbose etag W/"01dfc33476dea92f3c66bead8646f535"
214 verbose lastModified Tue, 09 Mar 2021 09:36:03 GMT
215 http request GET https://registry.npmjs.org/@devicefarmer%2fadbkit
216 verbose request uri https://registry.npmjs.org/debounce
217 verbose request no auth needed
218 info attempt registry request try #1 at 4:31:19 PM
219 verbose etag W/"14678896fff7a4dc9c74d3b28b0aa8f5"
220 verbose lastModified Tue, 09 Mar 2021 18:32:29 GMT
221 http request GET https://registry.npmjs.org/debounce
222 verbose request uri https://registry.npmjs.org/chrome-launcher
223 verbose request no auth needed
224 info attempt registry request try #1 at 4:31:19 PM
225 verbose etag W/"3e4f9eefbd60e7aa23950ea985a369c8"
226 verbose lastModified Tue, 18 May 2021 20:56:54 GMT
227 http request GET https://registry.npmjs.org/chrome-launcher
228 verbose request uri https://registry.npmjs.org/decamelize
229 verbose request no auth needed
230 info attempt registry request try #1 at 4:31:19 PM
231 verbose etag W/"da7b4cd36892a507c07f09aca95e55b5"
232 verbose lastModified Mon, 11 Jan 2021 07:35:23 GMT
233 http request GET https://registry.npmjs.org/decamelize
234 verbose request uri https://registry.npmjs.org/es6-error
235 verbose request no auth needed
236 info attempt registry request try #1 at 4:31:19 PM
237 verbose etag W/"b44329a10cc0864601dcda0448f3b372"
238 verbose lastModified Sat, 26 May 2018 23:41:53 GMT
239 http request GET https://registry.npmjs.org/es6-error
240 verbose request uri https://registry.npmjs.org/camelcase
241 verbose request no auth needed
242 info attempt registry request try #1 at 4:31:19 PM
243 verbose etag W/"8e4c9a4521e111c37be0baa973840d17"
244 verbose lastModified Wed, 28 Oct 2020 22:19:54 GMT
245 http request GET https://registry.npmjs.org/camelcase
246 verbose request uri https://registry.npmjs.org/bunyan
247 verbose request no auth needed
248 info attempt registry request try #1 at 4:31:19 PM
249 verbose etag W/"f36a71c95732d4020fac7c67fab23c9e"
250 verbose lastModified Fri, 08 Jan 2021 23:34:28 GMT
251 http request GET https://registry.npmjs.org/bunyan
252 verbose request uri https://registry.npmjs.org/fs-extra
253 verbose request no auth needed
254 info attempt registry request try #1 at 4:31:19 PM
255 verbose etag W/"92c81e5e10f42193123cc0b8346b3cb2"
256 verbose lastModified Mon, 03 May 2021 22:05:39 GMT
257 http request GET https://registry.npmjs.org/fs-extra
258 verbose request uri https://registry.npmjs.org/firefox-profile
259 verbose request no auth needed
260 info attempt registry request try #1 at 4:31:19 PM
261 verbose etag W/"9a680d5e42b6ef601654d3f25e03bca2"
262 verbose lastModified Sat, 11 Sep 2021 22:05:06 GMT
263 http request GET https://registry.npmjs.org/firefox-profile
264 verbose request uri https://registry.npmjs.org/import-fresh
265 verbose request no auth needed
266 info attempt registry request try #1 at 4:31:19 PM
267 verbose etag W/"82bd14b0677475e6d6bab906d253542e"
268 verbose lastModified Sun, 20 Dec 2020 13:35:44 GMT
269 http request GET https://registry.npmjs.org/import-fresh
270 verbose request uri https://registry.npmjs.org/fx-runner
271 verbose request no auth needed
272 info attempt registry request try #1 at 4:31:19 PM
273 verbose etag W/"8c45267dc02e3f0d83cb316fa9144fba"
274 verbose lastModified Wed, 19 May 2021 12:09:06 GMT
275 http request GET https://registry.npmjs.org/fx-runner
276 verbose request uri https://registry.npmjs.org/mz
277 verbose request no auth needed
278 info attempt registry request try #1 at 4:31:19 PM
279 verbose etag W/"5931f09712407b40c34b0ba546ff57d4"
280 verbose lastModified Sun, 27 May 2018 08:59:01 GMT
281 http request GET https://registry.npmjs.org/mz
282 verbose request uri https://registry.npmjs.org/mkdirp
283 verbose request no auth needed
284 info attempt registry request try #1 at 4:31:19 PM
285 verbose etag W/"d28984cb9631ee8bca6fe4b142ad79a4"
286 verbose lastModified Sun, 14 Mar 2021 09:18:23 GMT
287 http request GET https://registry.npmjs.org/mkdirp
288 verbose request uri https://registry.npmjs.org/multimatch
289 verbose request no auth needed
290 info attempt registry request try #1 at 4:31:19 PM
291 verbose etag W/"4f3504980edbae2577a16d3cb760097f"
292 verbose lastModified Mon, 12 Oct 2020 16:14:53 GMT
293 http request GET https://registry.npmjs.org/multimatch
294 verbose request uri https://registry.npmjs.org/@babel%2fruntime
295 verbose request no auth needed
296 info attempt registry request try #1 at 4:31:19 PM
297 verbose etag W/"48e7622f3f31fee23cb6b2b126b31131"
298 verbose lastModified Thu, 02 Sep 2021 21:39:29 GMT
299 http request GET https://registry.npmjs.org/@babel%2fruntime
300 verbose request uri https://registry.npmjs.org/node-notifier
301 verbose request no auth needed
302 info attempt registry request try #1 at 4:31:19 PM
303 verbose etag W/"a7144ac7a7e58aff6532a3609bae3042"
304 verbose lastModified Tue, 25 May 2021 17:02:49 GMT
305 http request GET https://registry.npmjs.org/node-notifier
306 verbose request uri https://registry.npmjs.org/source-map-support
307 verbose request no auth needed
308 info attempt registry request try #1 at 4:31:19 PM
309 verbose etag W/"d04c52d79b32f37a2d58e1dee928f43b"
310 verbose lastModified Thu, 09 Sep 2021 09:25:23 GMT
311 http request GET https://registry.npmjs.org/source-map-support
312 verbose request uri https://registry.npmjs.org/sign-addon
313 verbose request no auth needed
314 info attempt registry request try #1 at 4:31:19 PM
315 verbose etag W/"c15ed43a05a8f8dbe24459fd1bf4e766"
316 verbose lastModified Mon, 06 Sep 2021 14:00:20 GMT
317 http request GET https://registry.npmjs.org/sign-addon
318 verbose request uri https://registry.npmjs.org/strip-bom
319 verbose request no auth needed
320 info attempt registry request try #1 at 4:31:19 PM
321 verbose etag W/"82d954a104ffc02c18ff7fe8b05bf494"
322 verbose lastModified Fri, 16 Apr 2021 18:54:22 GMT
323 http request GET https://registry.npmjs.org/strip-bom
324 verbose request uri https://registry.npmjs.org/open
325 verbose request no auth needed
326 info attempt registry request try #1 at 4:31:19 PM
327 verbose etag W/"d50a0222930da3403499ed71ecea2f90"
328 verbose lastModified Sun, 20 Jun 2021 17:06:46 GMT
329 http request GET https://registry.npmjs.org/open
330 verbose request uri https://registry.npmjs.org/tmp
331 verbose request no auth needed
332 info attempt registry request try #1 at 4:31:19 PM
333 verbose etag W/"6e3b5e7289e3ffb80f28ed8e314a7b25"
334 verbose lastModified Wed, 29 Apr 2020 16:39:46 GMT
335 http request GET https://registry.npmjs.org/tmp
336 verbose request uri https://registry.npmjs.org/strip-json-comments
337 verbose request no auth needed
338 info attempt registry request try #1 at 4:31:19 PM
339 verbose etag W/"59a2fab08ec467c70ea0dca7398fdb69"
340 verbose lastModified Thu, 19 Aug 2021 18:10:19 GMT
341 http request GET https://registry.npmjs.org/strip-json-comments
342 verbose request uri https://registry.npmjs.org/parse-json
343 verbose request no auth needed
344 info attempt registry request try #1 at 4:31:19 PM
345 verbose etag W/"3950b55deed9f23ea7f0c525c0c60792"
346 verbose lastModified Mon, 18 Jan 2021 11:15:16 GMT
347 http request GET https://registry.npmjs.org/parse-json
348 verbose request uri https://registry.npmjs.org/event-to-promise
349 verbose request no auth needed
350 info attempt registry request try #1 at 4:31:19 PM
351 verbose etag W/"42e422c252d293290ad2e372eb73db5b"
352 verbose lastModified Tue, 19 Jan 2021 08:46:22 GMT
353 http request GET https://registry.npmjs.org/event-to-promise
354 verbose request uri https://registry.npmjs.org/update-notifier
355 verbose request no auth needed
356 info attempt registry request try #1 at 4:31:19 PM
357 verbose etag W/"c7857952452880c2ad9b97ea3d45d802"
358 verbose lastModified Thu, 11 Feb 2021 00:49:20 GMT
359 http request GET https://registry.npmjs.org/update-notifier
360 verbose request uri https://registry.npmjs.org/addons-linter
361 verbose request no auth needed
362 info attempt registry request try #1 at 4:31:19 PM
363 verbose etag W/"d6a6972c9aa3e145484e989c4431b82a"
364 verbose lastModified Tue, 14 Sep 2021 09:14:48 GMT
365 http request GET https://registry.npmjs.org/addons-linter
366 verbose request uri https://registry.npmjs.org/ws
367 verbose request no auth needed
368 info attempt registry request try #1 at 4:31:19 PM
369 verbose etag W/"d4d6ab8e5c0f1b3db6e152ae4772a6d9"
370 verbose lastModified Wed, 08 Sep 2021 19:50:11 GMT
371 http request GET https://registry.npmjs.org/ws
372 http 304 https://registry.npmjs.org/@devicefarmer%2fadbkit
373 verbose headers { date: 'Sun, 19 Sep 2021 13:31:19 GMT',
373 verbose headers   connection: 'keep-alive',
373 verbose headers   'cf-ray': '69132c742c59ad73-TLV',
373 verbose headers   age: '22',
373 verbose headers   'cache-control': 'public, max-age=300',
373 verbose headers   etag: '"01dfc33476dea92f3c66bead8646f535"',
373 verbose headers   'last-modified': 'Tue, 09 Mar 2021 09:36:03 GMT',
373 verbose headers   vary: 'Accept-Encoding',
373 verbose headers   'cf-cache-status': 'HIT',
373 verbose headers   'expect-ct': 'max-age=604800, report-uri="https://report-uri.cloudflare.com/cdn-cgi/beacon/expect-ct"',
373 verbose headers   server: 'cloudflare' }
374 silly get cb [ 304,
374 silly get   { date: 'Sun, 19 Sep 2021 13:31:19 GMT',
374 silly get     connection: 'keep-alive',
374 silly get     'cf-ray': '69132c742c59ad73-TLV',
374 silly get     age: '22',
374 silly get     'cache-control': 'public, max-age=300',
374 silly get     etag: '"01dfc33476dea92f3c66bead8646f535"',
374 silly get     'last-modified': 'Tue, 09 Mar 2021 09:36:03 GMT',
374 silly get     vary: 'Accept-Encoding',
374 silly get     'cf-cache-status': 'HIT',
374 silly get     'expect-ct': 'max-age=604800, report-uri="https://report-uri.cloudflare.com/cdn-cgi/beacon/expect-ct"',
374 silly get     server: 'cloudflare' } ]
375 verbose etag https://registry.npmjs.org/@devicefarmer%2fadbkit from cache
376 verbose get saving @devicefarmer/adbkit to /home/yuval/.npm/registry.npmjs.org/_40devicefarmer_252fadbkit/.cache.json
377 http 304 https://registry.npmjs.org/decamelize
378 verbose headers { date: 'Sun, 19 Sep 2021 13:31:19 GMT',
378 verbose headers   connection: 'keep-alive',
378 verbose headers   'cf-ray': '69132c747e5aada9-TLV',
378 verbose headers   age: '163',
378 verbose headers   'cache-control': 'public, max-age=300',
378 verbose headers   etag: '"da7b4cd36892a507c07f09aca95e55b5"',
378 verbose headers   'last-modified': 'Mon, 11 Jan 2021 07:35:23 GMT',
378 verbose headers   vary: 'Accept-Encoding',
378 verbose headers   'cf-cache-status': 'HIT',
378 verbose headers   'expect-ct': 'max-age=604800, report-uri="https://report-uri.cloudflare.com/cdn-cgi/beacon/expect-ct"',
378 verbose headers   server: 'cloudflare' }
379 silly get cb [ 304,
379 silly get   { date: 'Sun, 19 Sep 2021 13:31:19 GMT',
379 silly get     connection: 'keep-alive',
379 silly get     'cf-ray': '69132c747e5aada9-TLV',
379 silly get     age: '163',
379 silly get     'cache-control': 'public, max-age=300',
379 silly get     etag: '"da7b4cd36892a507c07f09aca95e55b5"',
379 silly get     'last-modified': 'Mon, 11 Jan 2021 07:35:23 GMT',
379 silly get     vary: 'Accept-Encoding',
379 silly get     'cf-cache-status': 'HIT',
379 silly get     'expect-ct': 'max-age=604800, report-uri="https://report-uri.cloudflare.com/cdn-cgi/beacon/expect-ct"',
379 silly get     server: 'cloudflare' } ]
380 verbose etag https://registry.npmjs.org/decamelize from cache
381 verbose get saving decamelize to /home/yuval/.npm/registry.npmjs.org/decamelize/.cache.json
382 http 304 https://registry.npmjs.org/debounce
383 verbose headers { date: 'Sun, 19 Sep 2021 13:31:19 GMT',
383 verbose headers   connection: 'keep-alive',
383 verbose headers   'cf-ray': '69132c747b5ead79-TLV',
383 verbose headers   age: '18',
383 verbose headers   'cache-control': 'public, max-age=300',
383 verbose headers   etag: '"14678896fff7a4dc9c74d3b28b0aa8f5"',
383 verbose headers   'last-modified': 'Tue, 09 Mar 2021 18:32:29 GMT',
383 verbose headers   vary: 'Accept-Encoding',
383 verbose headers   'cf-cache-status': 'HIT',
383 verbose headers   'expect-ct': 'max-age=604800, report-uri="https://report-uri.cloudflare.com/cdn-cgi/beacon/expect-ct"',
383 verbose headers   server: 'cloudflare' }
384 silly get cb [ 304,
384 silly get   { date: 'Sun, 19 Sep 2021 13:31:19 GMT',
384 silly get     connection: 'keep-alive',
384 silly get     'cf-ray': '69132c747b5ead79-TLV',
384 silly get     age: '18',
384 silly get     'cache-control': 'public, max-age=300',
384 silly get     etag: '"14678896fff7a4dc9c74d3b28b0aa8f5"',
384 silly get     'last-modified': 'Tue, 09 Mar 2021 18:32:29 GMT',
384 silly get     vary: 'Accept-Encoding',
384 silly get     'cf-cache-status': 'HIT',
384 silly get     'expect-ct': 'max-age=604800, report-uri="https://report-uri.cloudflare.com/cdn-cgi/beacon/expect-ct"',
384 silly get     server: 'cloudflare' } ]
385 verbose etag https://registry.npmjs.org/debounce from cache
386 verbose get saving debounce to /home/yuval/.npm/registry.npmjs.org/debounce/.cache.json
387 http 304 https://registry.npmjs.org/chrome-launcher
388 verbose headers { date: 'Sun, 19 Sep 2021 13:31:19 GMT',
388 verbose headers   connection: 'keep-alive',
388 verbose headers   'cf-ray': '69132c747c1dad61-TLV',
388 verbose headers   age: '23',
388 verbose headers   'cache-control': 'public, max-age=300',
388 verbose headers   etag: '"3e4f9eefbd60e7aa23950ea985a369c8"',
388 verbose headers   'last-modified': 'Tue, 18 May 2021 20:56:54 GMT',
388 verbose headers   vary: 'Accept-Encoding',
388 verbose headers   'cf-cache-status': 'HIT',
388 verbose headers   'expect-ct': 'max-age=604800, report-uri="https://report-uri.cloudflare.com/cdn-cgi/beacon/expect-ct"',
388 verbose headers   server: 'cloudflare' }
389 silly get cb [ 304,
389 silly get   { date: 'Sun, 19 Sep 2021 13:31:19 GMT',
389 silly get     connection: 'keep-alive',
389 silly get     'cf-ray': '69132c747c1dad61-TLV',
389 silly get     age: '23',
389 silly get     'cache-control': 'public, max-age=300',
389 silly get     etag: '"3e4f9eefbd60e7aa23950ea985a369c8"',
389 silly get     'last-modified': 'Tue, 18 May 2021 20:56:54 GMT',
389 silly get     vary: 'Accept-Encoding',
389 silly get     'cf-cache-status': 'HIT',
389 silly get     'expect-ct': 'max-age=604800, report-uri="https://report-uri.cloudflare.com/cdn-cgi/beacon/expect-ct"',
389 silly get     server: 'cloudflare' } ]
390 verbose etag https://registry.npmjs.org/chrome-launcher from cache
391 verbose get saving chrome-launcher to /home/yuval/.npm/registry.npmjs.org/chrome-launcher/.cache.json
392 http 304 https://registry.npmjs.org/camelcase
393 verbose headers { date: 'Sun, 19 Sep 2021 13:31:24 GMT',
393 verbose headers   connection: 'keep-alive',
393 verbose headers   'cf-ray': '69132c93dcbcad79-TLV',
393 verbose headers   age: '171',
393 verbose headers   'cache-control': 'public, max-age=300',
393 verbose headers   etag: '"8e4c9a4521e111c37be0baa973840d17"',
393 verbose headers   'last-modified': 'Wed, 28 Oct 2020 22:19:54 GMT',
393 verbose headers   vary: 'Accept-Encoding',
393 verbose headers   'cf-cache-status': 'HIT',
393 verbose headers   'expect-ct': 'max-age=604800, report-uri="https://report-uri.cloudflare.com/cdn-cgi/beacon/expect-ct"',
393 verbose headers   server: 'cloudflare' }
394 silly get cb [ 304,
394 silly get   { date: 'Sun, 19 Sep 2021 13:31:24 GMT',
394 silly get     connection: 'keep-alive',
394 silly get     'cf-ray': '69132c93dcbcad79-TLV',
394 silly get     age: '171',
394 silly get     'cache-control': 'public, max-age=300',
394 silly get     etag: '"8e4c9a4521e111c37be0baa973840d17"',
394 silly get     'last-modified': 'Wed, 28 Oct 2020 22:19:54 GMT',
394 silly get     vary: 'Accept-Encoding',
394 silly get     'cf-cache-status': 'HIT',
394 silly get     'expect-ct': 'max-age=604800, report-uri="https://report-uri.cloudflare.com/cdn-cgi/beacon/expect-ct"',
394 silly get     server: 'cloudflare' } ]
395 verbose etag https://registry.npmjs.org/camelcase from cache
396 verbose get saving camelcase to /home/yuval/.npm/registry.npmjs.org/camelcase/.cache.json
397 http 304 https://registry.npmjs.org/bunyan
398 verbose headers { date: 'Sun, 19 Sep 2021 13:31:24 GMT',
398 verbose headers   connection: 'keep-alive',
398 verbose headers   'cf-ray': '69132c93dcbdad79-TLV',
398 verbose headers   age: '23',
398 verbose headers   'cache-control': 'public, max-age=300',
398 verbose headers   etag: '"f36a71c95732d4020fac7c67fab23c9e"',
398 verbose headers   'last-modified': 'Fri, 08 Jan 2021 23:34:28 GMT',
398 verbose headers   vary: 'Accept-Encoding',
398 verbose headers   'cf-cache-status': 'HIT',
398 verbose headers   'expect-ct': 'max-age=604800, report-uri="https://report-uri.cloudflare.com/cdn-cgi/beacon/expect-ct"',
398 verbose headers   server: 'cloudflare' }
399 silly get cb [ 304,
399 silly get   { date: 'Sun, 19 Sep 2021 13:31:24 GMT',
399 silly get     connection: 'keep-alive',
399 silly get     'cf-ray': '69132c93dcbdad79-TLV',
399 silly get     age: '23',
399 silly get     'cache-control': 'public, max-age=300',
399 silly get     etag: '"f36a71c95732d4020fac7c67fab23c9e"',
399 silly get     'last-modified': 'Fri, 08 Jan 2021 23:34:28 GMT',
399 silly get     vary: 'Accept-Encoding',
399 silly get     'cf-cache-status': 'HIT',
399 silly get     'expect-ct': 'max-age=604800, report-uri="https://report-uri.cloudflare.com/cdn-cgi/beacon/expect-ct"',
399 silly get     server: 'cloudflare' } ]
400 verbose etag https://registry.npmjs.org/bunyan from cache
401 verbose get saving bunyan to /home/yuval/.npm/registry.npmjs.org/bunyan/.cache.json
402 http 304 https://registry.npmjs.org/fs-extra
403 verbose headers { date: 'Sun, 19 Sep 2021 13:31:24 GMT',
403 verbose headers   connection: 'keep-alive',
403 verbose headers   'cf-ray': '69132c93e9dcad67-TLV',
403 verbose headers   age: '138',
403 verbose headers   'cache-control': 'public, max-age=300',
403 verbose headers   etag: '"92c81e5e10f42193123cc0b8346b3cb2"',
403 verbose headers   'last-modified': 'Mon, 03 May 2021 22:05:39 GMT',
403 verbose headers   vary: 'Accept-Encoding',
403 verbose headers   'cf-cache-status': 'HIT',
403 verbose headers   'expect-ct': 'max-age=604800, report-uri="https://report-uri.cloudflare.com/cdn-cgi/beacon/expect-ct"',
403 verbose headers   server: 'cloudflare' }
404 silly get cb [ 304,
404 silly get   { date: 'Sun, 19 Sep 2021 13:31:24 GMT',
404 silly get     connection: 'keep-alive',
404 silly get     'cf-ray': '69132c93e9dcad67-TLV',
404 silly get     age: '138',
404 silly get     'cache-control': 'public, max-age=300',
404 silly get     etag: '"92c81e5e10f42193123cc0b8346b3cb2"',
404 silly get     'last-modified': 'Mon, 03 May 2021 22:05:39 GMT',
404 silly get     vary: 'Accept-Encoding',
404 silly get     'cf-cache-status': 'HIT',
404 silly get     'expect-ct': 'max-age=604800, report-uri="https://report-uri.cloudflare.com/cdn-cgi/beacon/expect-ct"',
404 silly get     server: 'cloudflare' } ]
405 verbose etag https://registry.npmjs.org/fs-extra from cache
406 verbose get saving fs-extra to /home/yuval/.npm/registry.npmjs.org/fs-extra/.cache.json
407 http 304 https://registry.npmjs.org/import-fresh
408 verbose headers { date: 'Sun, 19 Sep 2021 13:31:24 GMT',
408 verbose headers   connection: 'keep-alive',
408 verbose headers   'cf-ray': '69132c942a0bad67-TLV',
408 verbose headers   age: '116',
408 verbose headers   'cache-control': 'public, max-age=300',
408 verbose headers   etag: '"82bd14b0677475e6d6bab906d253542e"',
408 verbose headers   'last-modified': 'Sun, 20 Dec 2020 13:35:44 GMT',
408 verbose headers   vary: 'Accept-Encoding',
408 verbose headers   'cf-cache-status': 'HIT',
408 verbose headers   'expect-ct': 'max-age=604800, report-uri="https://report-uri.cloudflare.com/cdn-cgi/beacon/expect-ct"',
408 verbose headers   server: 'cloudflare' }
409 silly get cb [ 304,
409 silly get   { date: 'Sun, 19 Sep 2021 13:31:24 GMT',
409 silly get     connection: 'keep-alive',
409 silly get     'cf-ray': '69132c942a0bad67-TLV',
409 silly get     age: '116',
409 silly get     'cache-control': 'public, max-age=300',
409 silly get     etag: '"82bd14b0677475e6d6bab906d253542e"',
409 silly get     'last-modified': 'Sun, 20 Dec 2020 13:35:44 GMT',
409 silly get     vary: 'Accept-Encoding',
409 silly get     'cf-cache-status': 'HIT',
409 silly get     'expect-ct': 'max-age=604800, report-uri="https://report-uri.cloudflare.com/cdn-cgi/beacon/expect-ct"',
409 silly get     server: 'cloudflare' } ]
410 verbose etag https://registry.npmjs.org/import-fresh from cache
411 verbose get saving import-fresh to /home/yuval/.npm/registry.npmjs.org/import-fresh/.cache.json
412 http 304 https://registry.npmjs.org/fx-runner
413 verbose headers { date: 'Sun, 19 Sep 2021 13:31:24 GMT',
413 verbose headers   connection: 'keep-alive',
413 verbose headers   'cf-ray': '69132c942c83adb5-TLV',
413 verbose headers   age: '28',
413 verbose headers   'cache-control': 'public, max-age=300',
413 verbose headers   etag: '"8c45267dc02e3f0d83cb316fa9144fba"',
413 verbose headers   'last-modified': 'Wed, 19 May 2021 12:09:06 GMT',
413 verbose headers   vary: 'Accept-Encoding',
413 verbose headers   'cf-cache-status': 'HIT',
413 verbose headers   'expect-ct': 'max-age=604800, report-uri="https://report-uri.cloudflare.com/cdn-cgi/beacon/expect-ct"',
413 verbose headers   server: 'cloudflare' }
414 silly get cb [ 304,
414 silly get   { date: 'Sun, 19 Sep 2021 13:31:24 GMT',
414 silly get     connection: 'keep-alive',
414 silly get     'cf-ray': '69132c942c83adb5-TLV',
414 silly get     age: '28',
414 silly get     'cache-control': 'public, max-age=300',
414 silly get     etag: '"8c45267dc02e3f0d83cb316fa9144fba"',
414 silly get     'last-modified': 'Wed, 19 May 2021 12:09:06 GMT',
414 silly get     vary: 'Accept-Encoding',
414 silly get     'cf-cache-status': 'HIT',
414 silly get     'expect-ct': 'max-age=604800, report-uri="https://report-uri.cloudflare.com/cdn-cgi/beacon/expect-ct"',
414 silly get     server: 'cloudflare' } ]
415 verbose etag https://registry.npmjs.org/fx-runner from cache
416 verbose get saving fx-runner to /home/yuval/.npm/registry.npmjs.org/fx-runner/.cache.json
417 http 304 https://registry.npmjs.org/firefox-profile
418 verbose headers { date: 'Sun, 19 Sep 2021 13:31:24 GMT',
418 verbose headers   connection: 'keep-alive',
418 verbose headers   'cf-ray': '69132c942ed7ad7f-TLV',
418 verbose headers   age: '28',
418 verbose headers   'cache-control': 'public, max-age=300',
418 verbose headers   etag: '"9a680d5e42b6ef601654d3f25e03bca2"',
418 verbose headers   'last-modified': 'Sat, 11 Sep 2021 22:05:06 GMT',
418 verbose headers   vary: 'Accept-Encoding',
418 verbose headers   'cf-cache-status': 'HIT',
418 verbose headers   'expect-ct': 'max-age=604800, report-uri="https://report-uri.cloudflare.com/cdn-cgi/beacon/expect-ct"',
418 verbose headers   'x-amz-replication-status': 'COMPLETED',
418 verbose headers   server: 'cloudflare' }
419 silly get cb [ 304,
419 silly get   { date: 'Sun, 19 Sep 2021 13:31:24 GMT',
419 silly get     connection: 'keep-alive',
419 silly get     'cf-ray': '69132c942ed7ad7f-TLV',
419 silly get     age: '28',
419 silly get     'cache-control': 'public, max-age=300',
419 silly get     etag: '"9a680d5e42b6ef601654d3f25e03bca2"',
419 silly get     'last-modified': 'Sat, 11 Sep 2021 22:05:06 GMT',
419 silly get     vary: 'Accept-Encoding',
419 silly get     'cf-cache-status': 'HIT',
419 silly get     'expect-ct': 'max-age=604800, report-uri="https://report-uri.cloudflare.com/cdn-cgi/beacon/expect-ct"',
419 silly get     'x-amz-replication-status': 'COMPLETED',
419 silly get     server: 'cloudflare' } ]
420 verbose etag https://registry.npmjs.org/firefox-profile from cache
421 verbose get saving firefox-profile to /home/yuval/.npm/registry.npmjs.org/firefox-profile/.cache.json
422 http 304 https://registry.npmjs.org/mkdirp
423 verbose headers { date: 'Sun, 19 Sep 2021 13:31:24 GMT',
423 verbose headers   connection: 'keep-alive',
423 verbose headers   'cf-ray': '69132c94692aad6d-TLV',
423 verbose headers   age: '99',
423 verbose headers   'cache-control': 'public, max-age=300',
423 verbose headers   etag: '"d28984cb9631ee8bca6fe4b142ad79a4"',
423 verbose headers   'last-modified': 'Sun, 14 Mar 2021 09:18:23 GMT',
423 verbose headers   vary: 'Accept-Encoding',
423 verbose headers   'cf-cache-status': 'HIT',
423 verbose headers   'expect-ct': 'max-age=604800, report-uri="https://report-uri.cloudflare.com/cdn-cgi/beacon/expect-ct"',
423 verbose headers   server: 'cloudflare' }
424 silly get cb [ 304,
424 silly get   { date: 'Sun, 19 Sep 2021 13:31:24 GMT',
424 silly get     connection: 'keep-alive',
424 silly get     'cf-ray': '69132c94692aad6d-TLV',
424 silly get     age: '99',
424 silly get     'cache-control': 'public, max-age=300',
424 silly get     etag: '"d28984cb9631ee8bca6fe4b142ad79a4"',
424 silly get     'last-modified': 'Sun, 14 Mar 2021 09:18:23 GMT',
424 silly get     vary: 'Accept-Encoding',
424 silly get     'cf-cache-status': 'HIT',
424 silly get     'expect-ct': 'max-age=604800, report-uri="https://report-uri.cloudflare.com/cdn-cgi/beacon/expect-ct"',
424 silly get     server: 'cloudflare' } ]
425 verbose etag https://registry.npmjs.org/mkdirp from cache
426 verbose get saving mkdirp to /home/yuval/.npm/registry.npmjs.org/mkdirp/.cache.json
427 http 304 https://registry.npmjs.org/mz
428 verbose headers { date: 'Sun, 19 Sep 2021 13:31:24 GMT',
428 verbose headers   connection: 'keep-alive',
428 verbose headers   'cf-ray': '69132c948aa2ada9-TLV',
428 verbose headers   age: '86',
428 verbose headers   'cache-control': 'public, max-age=300',
428 verbose headers   etag: '"5931f09712407b40c34b0ba546ff57d4"',
428 verbose headers   'last-modified': 'Sun, 27 May 2018 08:59:01 GMT',
428 verbose headers   vary: 'Accept-Encoding',
428 verbose headers   'cf-cache-status': 'HIT',
428 verbose headers   'expect-ct': 'max-age=604800, report-uri="https://report-uri.cloudflare.com/cdn-cgi/beacon/expect-ct"',
428 verbose headers   server: 'cloudflare' }
429 silly get cb [ 304,
429 silly get   { date: 'Sun, 19 Sep 2021 13:31:24 GMT',
429 silly get     connection: 'keep-alive',
429 silly get     'cf-ray': '69132c948aa2ada9-TLV',
429 silly get     age: '86',
429 silly get     'cache-control': 'public, max-age=300',
429 silly get     etag: '"5931f09712407b40c34b0ba546ff57d4"',
429 silly get     'last-modified': 'Sun, 27 May 2018 08:59:01 GMT',
429 silly get     vary: 'Accept-Encoding',
429 silly get     'cf-cache-status': 'HIT',
429 silly get     'expect-ct': 'max-age=604800, report-uri="https://report-uri.cloudflare.com/cdn-cgi/beacon/expect-ct"',
429 silly get     server: 'cloudflare' } ]
430 verbose etag https://registry.npmjs.org/mz from cache
431 verbose get saving mz to /home/yuval/.npm/registry.npmjs.org/mz/.cache.json
432 http 304 https://registry.npmjs.org/multimatch
433 verbose headers { date: 'Sun, 19 Sep 2021 13:31:24 GMT',
433 verbose headers   connection: 'keep-alive',
433 verbose headers   'cf-ray': '69132c948e9aad73-TLV',
433 verbose headers   age: '103',
433 verbose headers   'cache-control': 'public, max-age=300',
433 verbose headers   etag: '"4f3504980edbae2577a16d3cb760097f"',
433 verbose headers   'last-modified': 'Mon, 12 Oct 2020 16:14:53 GMT',
433 verbose headers   vary: 'Accept-Encoding',
433 verbose headers   'cf-cache-status': 'HIT',
433 verbose headers   'expect-ct': 'max-age=604800, report-uri="https://report-uri.cloudflare.com/cdn-cgi/beacon/expect-ct"',
433 verbose headers   server: 'cloudflare' }
434 silly get cb [ 304,
434 silly get   { date: 'Sun, 19 Sep 2021 13:31:24 GMT',
434 silly get     connection: 'keep-alive',
434 silly get     'cf-ray': '69132c948e9aad73-TLV',
434 silly get     age: '103',
434 silly get     'cache-control': 'public, max-age=300',
434 silly get     etag: '"4f3504980edbae2577a16d3cb760097f"',
434 silly get     'last-modified': 'Mon, 12 Oct 2020 16:14:53 GMT',
434 silly get     vary: 'Accept-Encoding',
434 silly get     'cf-cache-status': 'HIT',
434 silly get     'expect-ct': 'max-age=604800, report-uri="https://report-uri.cloudflare.com/cdn-cgi/beacon/expect-ct"',
434 silly get     server: 'cloudflare' } ]
435 verbose etag https://registry.npmjs.org/multimatch from cache
436 verbose get saving multimatch to /home/yuval/.npm/registry.npmjs.org/multimatch/.cache.json
437 http 304 https://registry.npmjs.org/@babel%2fruntime
438 verbose headers { date: 'Sun, 19 Sep 2021 13:31:24 GMT',
438 verbose headers   connection: 'keep-alive',
438 verbose headers   'cf-ray': '69132c951e0fad79-TLV',
438 verbose headers   age: '59',
438 verbose headers   'cache-control': 'public, max-age=300',
438 verbose headers   etag: '"48e7622f3f31fee23cb6b2b126b31131"',
438 verbose headers   'last-modified': 'Thu, 02 Sep 2021 21:39:29 GMT',
438 verbose headers   vary: 'Accept-Encoding',
438 verbose headers   'cf-cache-status': 'HIT',
438 verbose headers   'expect-ct': 'max-age=604800, report-uri="https://report-uri.cloudflare.com/cdn-cgi/beacon/expect-ct"',
438 verbose headers   'x-amz-replication-status': 'PENDING',
438 verbose headers   server: 'cloudflare' }
439 silly get cb [ 304,
439 silly get   { date: 'Sun, 19 Sep 2021 13:31:24 GMT',
439 silly get     connection: 'keep-alive',
439 silly get     'cf-ray': '69132c951e0fad79-TLV',
439 silly get     age: '59',
439 silly get     'cache-control': 'public, max-age=300',
439 silly get     etag: '"48e7622f3f31fee23cb6b2b126b31131"',
439 silly get     'last-modified': 'Thu, 02 Sep 2021 21:39:29 GMT',
439 silly get     vary: 'Accept-Encoding',
439 silly get     'cf-cache-status': 'HIT',
439 silly get     'expect-ct': 'max-age=604800, report-uri="https://report-uri.cloudflare.com/cdn-cgi/beacon/expect-ct"',
439 silly get     'x-amz-replication-status': 'PENDING',
439 silly get     server: 'cloudflare' } ]
440 verbose etag https://registry.npmjs.org/@babel%2fruntime from cache
441 verbose get saving @babel/runtime to /home/yuval/.npm/registry.npmjs.org/_40babel_252fruntime/.cache.json
442 http 304 https://registry.npmjs.org/node-notifier
443 verbose headers { date: 'Sun, 19 Sep 2021 13:31:24 GMT',
443 verbose headers   connection: 'keep-alive',
443 verbose headers   'cf-ray': '69132c952ca4adbb-TLV',
443 verbose headers   age: '36',
443 verbose headers   'cache-control': 'public, max-age=300',
443 verbose headers   etag: '"a7144ac7a7e58aff6532a3609bae3042"',
443 verbose headers   'last-modified': 'Tue, 25 May 2021 17:02:49 GMT',
443 verbose headers   vary: 'Accept-Encoding',
443 verbose headers   'cf-cache-status': 'HIT',
443 verbose headers   'expect-ct': 'max-age=604800, report-uri="https://report-uri.cloudflare.com/cdn-cgi/beacon/expect-ct"',
443 verbose headers   server: 'cloudflare' }
444 silly get cb [ 304,
444 silly get   { date: 'Sun, 19 Sep 2021 13:31:24 GMT',
444 silly get     connection: 'keep-alive',
444 silly get     'cf-ray': '69132c952ca4adbb-TLV',
444 silly get     age: '36',
444 silly get     'cache-control': 'public, max-age=300',
444 silly get     etag: '"a7144ac7a7e58aff6532a3609bae3042"',
444 silly get     'last-modified': 'Tue, 25 May 2021 17:02:49 GMT',
444 silly get     vary: 'Accept-Encoding',
444 silly get     'cf-cache-status': 'HIT',
444 silly get     'expect-ct': 'max-age=604800, report-uri="https://report-uri.cloudflare.com/cdn-cgi/beacon/expect-ct"',
444 silly get     server: 'cloudflare' } ]
445 verbose etag https://registry.npmjs.org/node-notifier from cache
446 verbose get saving node-notifier to /home/yuval/.npm/registry.npmjs.org/node-notifier/.cache.json
447 verbose request uri https://registry.npmjs.org/zip-dir
448 verbose request no auth needed
449 info attempt registry request try #1 at 4:31:24 PM
450 verbose etag W/"2c8e137ed473b80ca75bbcc95a2690bd"
451 verbose lastModified Tue, 24 Nov 2020 19:57:25 GMT
452 http request GET https://registry.npmjs.org/zip-dir
453 verbose request uri https://registry.npmjs.org/watchpack
454 verbose request no auth needed
455 info attempt registry request try #1 at 4:31:24 PM
456 verbose etag W/"8c3788691356ae017524ef5653013d32"
457 verbose lastModified Wed, 19 May 2021 15:18:14 GMT
458 http request GET https://registry.npmjs.org/watchpack
459 verbose request uri https://registry.npmjs.org/yargs
460 verbose request no auth needed
461 info attempt registry request try #1 at 4:31:24 PM
462 verbose etag W/"f461a4c1ec95eb05f27267257ce32624"
463 verbose lastModified Fri, 13 Aug 2021 21:09:01 GMT
464 http request GET https://registry.npmjs.org/yargs
465 http 304 https://registry.npmjs.org/strip-bom
466 verbose headers { date: 'Sun, 19 Sep 2021 13:31:24 GMT',
466 verbose headers   connection: 'keep-alive',
466 verbose headers   'cf-ray': '69132c958fe7ad73-TLV',
466 verbose headers   age: '94',
466 verbose headers   'cache-control': 'public, max-age=300',
466 verbose headers   etag: '"82d954a104ffc02c18ff7fe8b05bf494"',
466 verbose headers   'last-modified': 'Fri, 16 Apr 2021 18:54:22 GMT',
466 verbose headers   vary: 'Accept-Encoding',
466 verbose headers   'cf-cache-status': 'HIT',
466 verbose headers   'expect-ct': 'max-age=604800, report-uri="https://report-uri.cloudflare.com/cdn-cgi/beacon/expect-ct"',
466 verbose headers   server: 'cloudflare' }
467 silly get cb [ 304,
467 silly get   { date: 'Sun, 19 Sep 2021 13:31:24 GMT',
467 silly get     connection: 'keep-alive',
467 silly get     'cf-ray': '69132c958fe7ad73-TLV',
467 silly get     age: '94',
467 silly get     'cache-control': 'public, max-age=300',
467 silly get     etag: '"82d954a104ffc02c18ff7fe8b05bf494"',
467 silly get     'last-modified': 'Fri, 16 Apr 2021 18:54:22 GMT',
467 silly get     vary: 'Accept-Encoding',
467 silly get     'cf-cache-status': 'HIT',
467 silly get     'expect-ct': 'max-age=604800, report-uri="https://report-uri.cloudflare.com/cdn-cgi/beacon/expect-ct"',
467 silly get     server: 'cloudflare' } ]
468 verbose etag https://registry.npmjs.org/strip-bom from cache
469 verbose get saving strip-bom to /home/yuval/.npm/registry.npmjs.org/strip-bom/.cache.json
470 http 304 https://registry.npmjs.org/sign-addon
471 verbose headers { date: 'Sun, 19 Sep 2021 13:31:24 GMT',
471 verbose headers   connection: 'keep-alive',
471 verbose headers   'cf-ray': '69132c958e57ad79-TLV',
471 verbose headers   age: '28',
471 verbose headers   'cache-control': 'public, max-age=300',
471 verbose headers   etag: '"c15ed43a05a8f8dbe24459fd1bf4e766"',
471 verbose headers   'last-modified': 'Mon, 06 Sep 2021 14:00:20 GMT',
471 verbose headers   vary: 'Accept-Encoding',
471 verbose headers   'cf-cache-status': 'HIT',
471 verbose headers   'expect-ct': 'max-age=604800, report-uri="https://report-uri.cloudflare.com/cdn-cgi/beacon/expect-ct"',
471 verbose headers   'x-amz-replication-status': 'COMPLETED',
471 verbose headers   server: 'cloudflare' }
472 silly get cb [ 304,
472 silly get   { date: 'Sun, 19 Sep 2021 13:31:24 GMT',
472 silly get     connection: 'keep-alive',
472 silly get     'cf-ray': '69132c958e57ad79-TLV',
472 silly get     age: '28',
472 silly get     'cache-control': 'public, max-age=300',
472 silly get     etag: '"c15ed43a05a8f8dbe24459fd1bf4e766"',
472 silly get     'last-modified': 'Mon, 06 Sep 2021 14:00:20 GMT',
472 silly get     vary: 'Accept-Encoding',
472 silly get     'cf-cache-status': 'HIT',
472 silly get     'expect-ct': 'max-age=604800, report-uri="https://report-uri.cloudflare.com/cdn-cgi/beacon/expect-ct"',
472 silly get     'x-amz-replication-status': 'COMPLETED',
472 silly get     server: 'cloudflare' } ]
473 verbose etag https://registry.npmjs.org/sign-addon from cache
474 verbose get saving sign-addon to /home/yuval/.npm/registry.npmjs.org/sign-addon/.cache.json
475 http 304 https://registry.npmjs.org/zip-dir
476 verbose headers { date: 'Sun, 19 Sep 2021 13:31:24 GMT',
476 verbose headers   connection: 'keep-alive',
476 verbose headers   'cf-ray': '69132c95d842ad73-TLV',
476 verbose headers   age: '28',
476 verbose headers   'cache-control': 'public, max-age=300',
476 verbose headers   etag: '"2c8e137ed473b80ca75bbcc95a2690bd"',
476 verbose headers   'last-modified': 'Tue, 24 Nov 2020 19:57:25 GMT',
476 verbose headers   vary: 'Accept-Encoding',
476 verbose headers   'cf-cache-status': 'HIT',
476 verbose headers   'expect-ct': 'max-age=604800, report-uri="https://report-uri.cloudflare.com/cdn-cgi/beacon/expect-ct"',
476 verbose headers   server: 'cloudflare' }
477 silly get cb [ 304,
477 silly get   { date: 'Sun, 19 Sep 2021 13:31:24 GMT',
477 silly get     connection: 'keep-alive',
477 silly get     'cf-ray': '69132c95d842ad73-TLV',
477 silly get     age: '28',
477 silly get     'cache-control': 'public, max-age=300',
477 silly get     etag: '"2c8e137ed473b80ca75bbcc95a2690bd"',
477 silly get     'last-modified': 'Tue, 24 Nov 2020 19:57:25 GMT',
477 silly get     vary: 'Accept-Encoding',
477 silly get     'cf-cache-status': 'HIT',
477 silly get     'expect-ct': 'max-age=604800, report-uri="https://report-uri.cloudflare.com/cdn-cgi/beacon/expect-ct"',
477 silly get     server: 'cloudflare' } ]
478 verbose etag https://registry.npmjs.org/zip-dir from cache
479 verbose get saving zip-dir to /home/yuval/.npm/registry.npmjs.org/zip-dir/.cache.json
480 http 304 https://registry.npmjs.org/yargs
481 verbose headers { date: 'Sun, 19 Sep 2021 13:31:24 GMT',
481 verbose headers   connection: 'keep-alive',
481 verbose headers   'cf-ray': '69132c95ded3ad79-TLV',
481 verbose headers   age: '203',
481 verbose headers   'cache-control': 'public, max-age=300',
481 verbose headers   etag: '"f461a4c1ec95eb05f27267257ce32624"',
481 verbose headers   'last-modified': 'Fri, 13 Aug 2021 21:09:01 GMT',
481 verbose headers   vary: 'Accept-Encoding',
481 verbose headers   'cf-cache-status': 'HIT',
481 verbose headers   'expect-ct': 'max-age=604800, report-uri="https://report-uri.cloudflare.com/cdn-cgi/beacon/expect-ct"',
481 verbose headers   'x-amz-replication-status': 'COMPLETED',
481 verbose headers   server: 'cloudflare' }
482 silly get cb [ 304,
482 silly get   { date: 'Sun, 19 Sep 2021 13:31:24 GMT',
482 silly get     connection: 'keep-alive',
482 silly get     'cf-ray': '69132c95ded3ad79-TLV',
482 silly get     age: '203',
482 silly get     'cache-control': 'public, max-age=300',
482 silly get     etag: '"f461a4c1ec95eb05f27267257ce32624"',
482 silly get     'last-modified': 'Fri, 13 Aug 2021 21:09:01 GMT',
482 silly get     vary: 'Accept-Encoding',
482 silly get     'cf-cache-status': 'HIT',
482 silly get     'expect-ct': 'max-age=604800, report-uri="https://report-uri.cloudflare.com/cdn-cgi/beacon/expect-ct"',
482 silly get     'x-amz-replication-status': 'COMPLETED',
482 silly get     server: 'cloudflare' } ]
483 verbose etag https://registry.npmjs.org/yargs from cache
484 verbose get saving yargs to /home/yuval/.npm/registry.npmjs.org/yargs/.cache.json
485 http 304 https://registry.npmjs.org/watchpack
486 verbose headers { date: 'Sun, 19 Sep 2021 13:31:24 GMT',
486 verbose headers   connection: 'keep-alive',
486 verbose headers   'cf-ray': '69132c95dc39ada9-TLV',
486 verbose headers   age: '28',
486 verbose headers   'cache-control': 'public, max-age=300',
486 verbose headers   etag: '"8c3788691356ae017524ef5653013d32"',
486 verbose headers   'last-modified': 'Wed, 19 May 2021 15:18:14 GMT',
486 verbose headers   vary: 'Accept-Encoding',
486 verbose headers   'cf-cache-status': 'HIT',
486 verbose headers   'expect-ct': 'max-age=604800, report-uri="https://report-uri.cloudflare.com/cdn-cgi/beacon/expect-ct"',
486 verbose headers   server: 'cloudflare' }
487 silly get cb [ 304,
487 silly get   { date: 'Sun, 19 Sep 2021 13:31:24 GMT',
487 silly get     connection: 'keep-alive',
487 silly get     'cf-ray': '69132c95dc39ada9-TLV',
487 silly get     age: '28',
487 silly get     'cache-control': 'public, max-age=300',
487 silly get     etag: '"8c3788691356ae017524ef5653013d32"',
487 silly get     'last-modified': 'Wed, 19 May 2021 15:18:14 GMT',
487 silly get     vary: 'Accept-Encoding',
487 silly get     'cf-cache-status': 'HIT',
487 silly get     'expect-ct': 'max-age=604800, report-uri="https://report-uri.cloudflare.com/cdn-cgi/beacon/expect-ct"',
487 silly get     server: 'cloudflare' } ]
488 verbose etag https://registry.npmjs.org/watchpack from cache
489 verbose get saving watchpack to /home/yuval/.npm/registry.npmjs.org/watchpack/.cache.json
490 http 304 https://registry.npmjs.org/tmp
491 verbose headers { date: 'Sun, 19 Sep 2021 13:31:24 GMT',
491 verbose headers   connection: 'keep-alive',
491 verbose headers   'cf-ray': '69132c961ed1adb5-TLV',
491 verbose headers   age: '105',
491 verbose headers   'cache-control': 'public, max-age=300',
491 verbose headers   etag: '"6e3b5e7289e3ffb80f28ed8e314a7b25"',
491 verbose headers   'last-modified': 'Wed, 29 Apr 2020 16:39:46 GMT',
491 verbose headers   vary: 'Accept-Encoding',
491 verbose headers   'cf-cache-status': 'HIT',
491 verbose headers   'expect-ct': 'max-age=604800, report-uri="https://report-uri.cloudflare.com/cdn-cgi/beacon/expect-ct"',
491 verbose headers   server: 'cloudflare' }
492 silly get cb [ 304,
492 silly get   { date: 'Sun, 19 Sep 2021 13:31:24 GMT',
492 silly get     connection: 'keep-alive',
492 silly get     'cf-ray': '69132c961ed1adb5-TLV',
492 silly get     age: '105',
492 silly get     'cache-control': 'public, max-age=300',
492 silly get     etag: '"6e3b5e7289e3ffb80f28ed8e314a7b25"',
492 silly get     'last-modified': 'Wed, 29 Apr 2020 16:39:46 GMT',
492 silly get     vary: 'Accept-Encoding',
492 silly get     'cf-cache-status': 'HIT',
492 silly get     'expect-ct': 'max-age=604800, report-uri="https://report-uri.cloudflare.com/cdn-cgi/beacon/expect-ct"',
492 silly get     server: 'cloudflare' } ]
493 verbose etag https://registry.npmjs.org/tmp from cache
494 verbose get saving tmp to /home/yuval/.npm/registry.npmjs.org/tmp/.cache.json
495 http 304 https://registry.npmjs.org/open
496 verbose headers { date: 'Sun, 19 Sep 2021 13:31:24 GMT',
496 verbose headers   connection: 'keep-alive',
496 verbose headers   'cf-ray': '69132c961c0cad67-TLV',
496 verbose headers   age: '34',
496 verbose headers   'cache-control': 'public, max-age=300',
496 verbose headers   etag: '"d50a0222930da3403499ed71ecea2f90"',
496 verbose headers   'last-modified': 'Sun, 20 Jun 2021 17:06:46 GMT',
496 verbose headers   vary: 'Accept-Encoding',
496 verbose headers   'cf-cache-status': 'HIT',
496 verbose headers   'expect-ct': 'max-age=604800, report-uri="https://report-uri.cloudflare.com/cdn-cgi/beacon/expect-ct"',
496 verbose headers   server: 'cloudflare' }
497 silly get cb [ 304,
497 silly get   { date: 'Sun, 19 Sep 2021 13:31:24 GMT',
497 silly get     connection: 'keep-alive',
497 silly get     'cf-ray': '69132c961c0cad67-TLV',
497 silly get     age: '34',
497 silly get     'cache-control': 'public, max-age=300',
497 silly get     etag: '"d50a0222930da3403499ed71ecea2f90"',
497 silly get     'last-modified': 'Sun, 20 Jun 2021 17:06:46 GMT',
497 silly get     vary: 'Accept-Encoding',
497 silly get     'cf-cache-status': 'HIT',
497 silly get     'expect-ct': 'max-age=604800, report-uri="https://report-uri.cloudflare.com/cdn-cgi/beacon/expect-ct"',
497 silly get     server: 'cloudflare' } ]
498 verbose etag https://registry.npmjs.org/open from cache
499 verbose get saving open to /home/yuval/.npm/registry.npmjs.org/open/.cache.json
500 http 304 https://registry.npmjs.org/parse-json
501 verbose headers { date: 'Sun, 19 Sep 2021 13:31:24 GMT',
501 verbose headers   connection: 'keep-alive',
501 verbose headers   'cf-ray': '69132c972842ad85-TLV',
501 verbose headers   age: '172',
501 verbose headers   'cache-control': 'public, max-age=300',
501 verbose headers   etag: '"3950b55deed9f23ea7f0c525c0c60792"',
501 verbose headers   'last-modified': 'Mon, 18 Jan 2021 11:15:16 GMT',
501 verbose headers   vary: 'Accept-Encoding',
501 verbose headers   'cf-cache-status': 'HIT',
501 verbose headers   'expect-ct': 'max-age=604800, report-uri="https://report-uri.cloudflare.com/cdn-cgi/beacon/expect-ct"',
501 verbose headers   server: 'cloudflare' }
502 silly get cb [ 304,
502 silly get   { date: 'Sun, 19 Sep 2021 13:31:24 GMT',
502 silly get     connection: 'keep-alive',
502 silly get     'cf-ray': '69132c972842ad85-TLV',
502 silly get     age: '172',
502 silly get     'cache-control': 'public, max-age=300',
502 silly get     etag: '"3950b55deed9f23ea7f0c525c0c60792"',
502 silly get     'last-modified': 'Mon, 18 Jan 2021 11:15:16 GMT',
502 silly get     vary: 'Accept-Encoding',
502 silly get     'cf-cache-status': 'HIT',
502 silly get     'expect-ct': 'max-age=604800, report-uri="https://report-uri.cloudflare.com/cdn-cgi/beacon/expect-ct"',
502 silly get     server: 'cloudflare' } ]
503 verbose etag https://registry.npmjs.org/parse-json from cache
504 verbose get saving parse-json to /home/yuval/.npm/registry.npmjs.org/parse-json/.cache.json
505 http 304 https://registry.npmjs.org/strip-json-comments
506 verbose headers { date: 'Sun, 19 Sep 2021 13:31:24 GMT',
506 verbose headers   connection: 'keep-alive',
506 verbose headers   'cf-ray': '69132c972ed8adbb-TLV',
506 verbose headers   age: '117',
506 verbose headers   'cache-control': 'public, max-age=300',
506 verbose headers   etag: '"59a2fab08ec467c70ea0dca7398fdb69"',
506 verbose headers   'last-modified': 'Thu, 19 Aug 2021 18:10:19 GMT',
506 verbose headers   vary: 'Accept-Encoding',
506 verbose headers   'cf-cache-status': 'HIT',
506 verbose headers   'expect-ct': 'max-age=604800, report-uri="https://report-uri.cloudflare.com/cdn-cgi/beacon/expect-ct"',
506 verbose headers   'x-amz-replication-status': 'COMPLETED',
506 verbose headers   server: 'cloudflare' }
507 silly get cb [ 304,
507 silly get   { date: 'Sun, 19 Sep 2021 13:31:24 GMT',
507 silly get     connection: 'keep-alive',
507 silly get     'cf-ray': '69132c972ed8adbb-TLV',
507 silly get     age: '117',
507 silly get     'cache-control': 'public, max-age=300',
507 silly get     etag: '"59a2fab08ec467c70ea0dca7398fdb69"',
507 silly get     'last-modified': 'Thu, 19 Aug 2021 18:10:19 GMT',
507 silly get     vary: 'Accept-Encoding',
507 silly get     'cf-cache-status': 'HIT',
507 silly get     'expect-ct': 'max-age=604800, report-uri="https://report-uri.cloudflare.com/cdn-cgi/beacon/expect-ct"',
507 silly get     'x-amz-replication-status': 'COMPLETED',
507 silly get     server: 'cloudflare' } ]
508 verbose etag https://registry.npmjs.org/strip-json-comments from cache
509 verbose get saving strip-json-comments to /home/yuval/.npm/registry.npmjs.org/strip-json-comments/.cache.json
510 silly resolveWithNewModule @devicefarmer/adbkit@2.11.3 checking installable status
511 silly cache add args [ '@devicefarmer/adbkit@2.11.3', null ]
512 verbose cache add spec @devicefarmer/adbkit@2.11.3
513 silly cache add parsed spec Result {
513 silly cache add   raw: '@devicefarmer/adbkit@2.11.3',
513 silly cache add   scope: '@devicefarmer',
513 silly cache add   name: '@devicefarmer/adbkit',
513 silly cache add   rawSpec: '2.11.3',
513 silly cache add   spec: '2.11.3',
513 silly cache add   type: 'version' }
514 silly addNamed @devicefarmer/adbkit@2.11.3
515 verbose addNamed "2.11.3" is a plain semver version for @devicefarmer/adbkit
516 silly mapToRegistry name @devicefarmer/adbkit
517 silly mapToRegistry scope (from package name) @devicefarmer
518 verbose mapToRegistry no registry URL found in name for scope @devicefarmer
519 silly mapToRegistry using default registry
520 silly mapToRegistry registry https://registry.npmjs.org/
521 silly mapToRegistry uri https://registry.npmjs.org/@devicefarmer%2fadbkit
522 verbose addNameVersion registry:https://registry.npmjs.org/@devicefarmer%2fadbkit not in flight; fetching
523 silly resolveWithNewModule chrome-launcher@0.14.0 checking installable status
524 silly cache add args [ 'chrome-launcher@0.14.0', null ]
525 verbose cache add spec chrome-launcher@0.14.0
526 silly cache add parsed spec Result {
526 silly cache add   raw: 'chrome-launcher@0.14.0',
526 silly cache add   scope: null,
526 silly cache add   name: 'chrome-launcher',
526 silly cache add   rawSpec: '0.14.0',
526 silly cache add   spec: '0.14.0',
526 silly cache add   type: 'version' }
527 silly addNamed chrome-launcher@0.14.0
528 verbose addNamed "0.14.0" is a plain semver version for chrome-launcher
529 silly mapToRegistry name chrome-launcher
530 silly mapToRegistry using default registry
531 silly mapToRegistry registry https://registry.npmjs.org/
532 silly mapToRegistry uri https://registry.npmjs.org/chrome-launcher
533 verbose addNameVersion registry:https://registry.npmjs.org/chrome-launcher not in flight; fetching
534 silly resolveWithNewModule decamelize@5.0.0 checking installable status
535 silly cache add args [ 'decamelize@5.0.0', null ]
536 verbose cache add spec decamelize@5.0.0
537 silly cache add parsed spec Result {
537 silly cache add   raw: 'decamelize@5.0.0',
537 silly cache add   scope: null,
537 silly cache add   name: 'decamelize',
537 silly cache add   rawSpec: '5.0.0',
537 silly cache add   spec: '5.0.0',
537 silly cache add   type: 'version' }
538 silly addNamed decamelize@5.0.0
539 verbose addNamed "5.0.0" is a plain semver version for decamelize
540 silly mapToRegistry name decamelize
541 silly mapToRegistry using default registry
542 silly mapToRegistry registry https://registry.npmjs.org/
543 silly mapToRegistry uri https://registry.npmjs.org/decamelize
544 verbose addNameVersion registry:https://registry.npmjs.org/decamelize not in flight; fetching
545 silly resolveWithNewModule bunyan@1.8.15 checking installable status
546 silly cache add args [ 'bunyan@1.8.15', null ]
547 verbose cache add spec bunyan@1.8.15
548 silly cache add parsed spec Result {
548 silly cache add   raw: 'bunyan@1.8.15',
548 silly cache add   scope: null,
548 silly cache add   name: 'bunyan',
548 silly cache add   rawSpec: '1.8.15',
548 silly cache add   spec: '1.8.15',
548 silly cache add   type: 'version' }
549 silly addNamed bunyan@1.8.15
550 verbose addNamed "1.8.15" is a plain semver version for bunyan
551 silly mapToRegistry name bunyan
552 silly mapToRegistry using default registry
553 silly mapToRegistry registry https://registry.npmjs.org/
554 silly mapToRegistry uri https://registry.npmjs.org/bunyan
555 verbose addNameVersion registry:https://registry.npmjs.org/bunyan not in flight; fetching
556 silly resolveWithNewModule camelcase@6.2.0 checking installable status
557 silly cache add args [ 'camelcase@6.2.0', null ]
558 verbose cache add spec camelcase@6.2.0
559 silly cache add parsed spec Result {
559 silly cache add   raw: 'camelcase@6.2.0',
559 silly cache add   scope: null,
559 silly cache add   name: 'camelcase',
559 silly cache add   rawSpec: '6.2.0',
559 silly cache add   spec: '6.2.0',
559 silly cache add   type: 'version' }
560 silly addNamed camelcase@6.2.0
561 verbose addNamed "6.2.0" is a plain semver version for camelcase
562 silly mapToRegistry name camelcase
563 silly mapToRegistry using default registry
564 silly mapToRegistry registry https://registry.npmjs.org/
565 silly mapToRegistry uri https://registry.npmjs.org/camelcase
566 verbose addNameVersion registry:https://registry.npmjs.org/camelcase not in flight; fetching
567 silly resolveWithNewModule import-fresh@3.3.0 checking installable status
568 silly cache add args [ 'import-fresh@3.3.0', null ]
569 verbose cache add spec import-fresh@3.3.0
570 silly cache add parsed spec Result {
570 silly cache add   raw: 'import-fresh@3.3.0',
570 silly cache add   scope: null,
570 silly cache add   name: 'import-fresh',
570 silly cache add   rawSpec: '3.3.0',
570 silly cache add   spec: '3.3.0',
570 silly cache add   type: 'version' }
571 silly addNamed import-fresh@3.3.0
572 verbose addNamed "3.3.0" is a plain semver version for import-fresh
573 silly mapToRegistry name import-fresh
574 silly mapToRegistry using default registry
575 silly mapToRegistry registry https://registry.npmjs.org/
576 silly mapToRegistry uri https://registry.npmjs.org/import-fresh
577 verbose addNameVersion registry:https://registry.npmjs.org/import-fresh not in flight; fetching
578 silly resolveWithNewModule fx-runner@1.1.0 checking installable status
579 silly cache add args [ 'fx-runner@1.1.0', null ]
580 verbose cache add spec fx-runner@1.1.0
581 silly cache add parsed spec Result {
581 silly cache add   raw: 'fx-runner@1.1.0',
581 silly cache add   scope: null,
581 silly cache add   name: 'fx-runner',
581 silly cache add   rawSpec: '1.1.0',
581 silly cache add   spec: '1.1.0',
581 silly cache add   type: 'version' }
582 silly addNamed fx-runner@1.1.0
583 verbose addNamed "1.1.0" is a plain semver version for fx-runner
584 silly mapToRegistry name fx-runner
585 silly mapToRegistry using default registry
586 silly mapToRegistry registry https://registry.npmjs.org/
587 silly mapToRegistry uri https://registry.npmjs.org/fx-runner
588 verbose addNameVersion registry:https://registry.npmjs.org/fx-runner not in flight; fetching
589 silly resolveWithNewModule fs-extra@9.1.0 checking installable status
590 silly cache add args [ 'fs-extra@9.1.0', null ]
591 verbose cache add spec fs-extra@9.1.0
592 silly cache add parsed spec Result {
592 silly cache add   raw: 'fs-extra@9.1.0',
592 silly cache add   scope: null,
592 silly cache add   name: 'fs-extra',
592 silly cache add   rawSpec: '9.1.0',
592 silly cache add   spec: '9.1.0',
592 silly cache add   type: 'version' }
593 silly addNamed fs-extra@9.1.0
594 verbose addNamed "9.1.0" is a plain semver version for fs-extra
595 silly mapToRegistry name fs-extra
596 silly mapToRegistry using default registry
597 silly mapToRegistry registry https://registry.npmjs.org/
598 silly mapToRegistry uri https://registry.npmjs.org/fs-extra
599 verbose addNameVersion registry:https://registry.npmjs.org/fs-extra not in flight; fetching
600 silly resolveWithNewModule mkdirp@1.0.4 checking installable status
601 silly cache add args [ 'mkdirp@1.0.4', null ]
602 verbose cache add spec mkdirp@1.0.4
603 silly cache add parsed spec Result {
603 silly cache add   raw: 'mkdirp@1.0.4',
603 silly cache add   scope: null,
603 silly cache add   name: 'mkdirp',
603 silly cache add   rawSpec: '1.0.4',
603 silly cache add   spec: '1.0.4',
603 silly cache add   type: 'version' }
604 silly addNamed mkdirp@1.0.4
605 verbose addNamed "1.0.4" is a plain semver version for mkdirp
606 silly mapToRegistry name mkdirp
607 silly mapToRegistry using default registry
608 silly mapToRegistry registry https://registry.npmjs.org/
609 silly mapToRegistry uri https://registry.npmjs.org/mkdirp
610 verbose addNameVersion registry:https://registry.npmjs.org/mkdirp not in flight; fetching
611 silly resolveWithNewModule firefox-profile@4.2.0 checking installable status
612 silly cache add args [ 'firefox-profile@4.2.0', null ]
613 verbose cache add spec firefox-profile@4.2.0
614 silly cache add parsed spec Result {
614 silly cache add   raw: 'firefox-profile@4.2.0',
614 silly cache add   scope: null,
614 silly cache add   name: 'firefox-profile',
614 silly cache add   rawSpec: '4.2.0',
614 silly cache add   spec: '4.2.0',
614 silly cache add   type: 'version' }
615 silly addNamed firefox-profile@4.2.0
616 verbose addNamed "4.2.0" is a plain semver version for firefox-profile
617 silly mapToRegistry name firefox-profile
618 silly mapToRegistry using default registry
619 silly mapToRegistry registry https://registry.npmjs.org/
620 silly mapToRegistry uri https://registry.npmjs.org/firefox-profile
621 verbose addNameVersion registry:https://registry.npmjs.org/firefox-profile not in flight; fetching
622 silly resolveWithNewModule multimatch@5.0.0 checking installable status
623 silly cache add args [ 'multimatch@5.0.0', null ]
624 verbose cache add spec multimatch@5.0.0
625 silly cache add parsed spec Result {
625 silly cache add   raw: 'multimatch@5.0.0',
625 silly cache add   scope: null,
625 silly cache add   name: 'multimatch',
625 silly cache add   rawSpec: '5.0.0',
625 silly cache add   spec: '5.0.0',
625 silly cache add   type: 'version' }
626 silly addNamed multimatch@5.0.0
627 verbose addNamed "5.0.0" is a plain semver version for multimatch
628 silly mapToRegistry name multimatch
629 silly mapToRegistry using default registry
630 silly mapToRegistry registry https://registry.npmjs.org/
631 silly mapToRegistry uri https://registry.npmjs.org/multimatch
632 verbose addNameVersion registry:https://registry.npmjs.org/multimatch not in flight; fetching
633 silly resolveWithNewModule mz@2.7.0 checking installable status
634 silly cache add args [ 'mz@2.7.0', null ]
635 verbose cache add spec mz@2.7.0
636 silly cache add parsed spec Result {
636 silly cache add   raw: 'mz@2.7.0',
636 silly cache add   scope: null,
636 silly cache add   name: 'mz',
636 silly cache add   rawSpec: '2.7.0',
636 silly cache add   spec: '2.7.0',
636 silly cache add   type: 'version' }
637 silly addNamed mz@2.7.0
638 verbose addNamed "2.7.0" is a plain semver version for mz
639 silly mapToRegistry name mz
640 silly mapToRegistry using default registry
641 silly mapToRegistry registry https://registry.npmjs.org/
642 silly mapToRegistry uri https://registry.npmjs.org/mz
643 verbose addNameVersion registry:https://registry.npmjs.org/mz not in flight; fetching
644 silly resolveWithNewModule @babel/runtime@7.13.9 checking installable status
645 silly cache add args [ '@babel/runtime@7.13.9', null ]
646 verbose cache add spec @babel/runtime@7.13.9
647 silly cache add parsed spec Result {
647 silly cache add   raw: '@babel/runtime@7.13.9',
647 silly cache add   scope: '@babel',
647 silly cache add   name: '@babel/runtime',
647 silly cache add   rawSpec: '7.13.9',
647 silly cache add   spec: '7.13.9',
647 silly cache add   type: 'version' }
648 silly addNamed @babel/runtime@7.13.9
649 verbose addNamed "7.13.9" is a plain semver version for @babel/runtime
650 silly mapToRegistry name @babel/runtime
651 silly mapToRegistry scope (from package name) @babel
652 verbose mapToRegistry no registry URL found in name for scope @babel
653 silly mapToRegistry using default registry
654 silly mapToRegistry registry https://registry.npmjs.org/
655 silly mapToRegistry uri https://registry.npmjs.org/@babel%2fruntime
656 verbose addNameVersion registry:https://registry.npmjs.org/@babel%2fruntime not in flight; fetching
657 silly resolveWithNewModule node-notifier@9.0.0 checking installable status
658 silly cache add args [ 'node-notifier@9.0.0', null ]
659 verbose cache add spec node-notifier@9.0.0
660 silly cache add parsed spec Result {
660 silly cache add   raw: 'node-notifier@9.0.0',
660 silly cache add   scope: null,
660 silly cache add   name: 'node-notifier',
660 silly cache add   rawSpec: '9.0.0',
660 silly cache add   spec: '9.0.0',
660 silly cache add   type: 'version' }
661 silly addNamed node-notifier@9.0.0
662 verbose addNamed "9.0.0" is a plain semver version for node-notifier
663 silly mapToRegistry name node-notifier
664 silly mapToRegistry using default registry
665 silly mapToRegistry registry https://registry.npmjs.org/
666 silly mapToRegistry uri https://registry.npmjs.org/node-notifier
667 verbose addNameVersion registry:https://registry.npmjs.org/node-notifier not in flight; fetching
668 silly resolveWithNewModule strip-bom@4.0.0 checking installable status
669 silly cache add args [ 'strip-bom@4.0.0', null ]
670 verbose cache add spec strip-bom@4.0.0
671 silly cache add parsed spec Result {
671 silly cache add   raw: 'strip-bom@4.0.0',
671 silly cache add   scope: null,
671 silly cache add   name: 'strip-bom',
671 silly cache add   rawSpec: '4.0.0',
671 silly cache add   spec: '4.0.0',
671 silly cache add   type: 'version' }
672 silly addNamed strip-bom@4.0.0
673 verbose addNamed "4.0.0" is a plain semver version for strip-bom
674 silly mapToRegistry name strip-bom
675 silly mapToRegistry using default registry
676 silly mapToRegistry registry https://registry.npmjs.org/
677 silly mapToRegistry uri https://registry.npmjs.org/strip-bom
678 verbose addNameVersion registry:https://registry.npmjs.org/strip-bom not in flight; fetching
679 silly resolveWithNewModule zip-dir@2.0.0 checking installable status
680 silly cache add args [ 'zip-dir@2.0.0', null ]
681 verbose cache add spec zip-dir@2.0.0
682 silly cache add parsed spec Result {
682 silly cache add   raw: 'zip-dir@2.0.0',
682 silly cache add   scope: null,
682 silly cache add   name: 'zip-dir',
682 silly cache add   rawSpec: '2.0.0',
682 silly cache add   spec: '2.0.0',
682 silly cache add   type: 'version' }
683 silly addNamed zip-dir@2.0.0
684 verbose addNamed "2.0.0" is a plain semver version for zip-dir
685 silly mapToRegistry name zip-dir
686 silly mapToRegistry using default registry
687 silly mapToRegistry registry https://registry.npmjs.org/
688 silly mapToRegistry uri https://registry.npmjs.org/zip-dir
689 verbose addNameVersion registry:https://registry.npmjs.org/zip-dir not in flight; fetching
690 silly resolveWithNewModule sign-addon@3.8.0 checking installable status
691 silly cache add args [ 'sign-addon@3.8.0', null ]
692 verbose cache add spec sign-addon@3.8.0
693 silly cache add parsed spec Result {
693 silly cache add   raw: 'sign-addon@3.8.0',
693 silly cache add   scope: null,
693 silly cache add   name: 'sign-addon',
693 silly cache add   rawSpec: '3.8.0',
693 silly cache add   spec: '3.8.0',
693 silly cache add   type: 'version' }
694 silly addNamed sign-addon@3.8.0
695 verbose addNamed "3.8.0" is a plain semver version for sign-addon
696 silly mapToRegistry name sign-addon
697 silly mapToRegistry using default registry
698 silly mapToRegistry registry https://registry.npmjs.org/
699 silly mapToRegistry uri https://registry.npmjs.org/sign-addon
700 verbose addNameVersion registry:https://registry.npmjs.org/sign-addon not in flight; fetching
701 verbose stack Error: Missing required argument #1
701 verbose stack     at andLogAndFinish (/usr/share/npm/lib/fetch-package-metadata.js:31:3)
701 verbose stack     at fetchPackageMetadata (/usr/share/npm/lib/fetch-package-metadata.js:51:22)
701 verbose stack     at resolveWithNewModule (/usr/share/npm/lib/install/deps.js:456:12)
701 verbose stack     at /usr/share/npm/lib/install/deps.js:457:7
701 verbose stack     at /usr/share/npm/node_modules/iferr/index.js:13:50
701 verbose stack     at /usr/share/npm/lib/fetch-package-metadata.js:37:12
701 verbose stack     at addRequestedAndFinish (/usr/share/npm/lib/fetch-package-metadata.js:82:5)
701 verbose stack     at returnAndAddMetadata (/usr/share/npm/lib/fetch-package-metadata.js:117:7)
701 verbose stack     at pickVersionFromRegistryDocument (/usr/share/npm/lib/fetch-package-metadata.js:134:20)
701 verbose stack     at /usr/share/npm/node_modules/iferr/index.js:13:50
702 verbose cwd /mnt/c/Users/Yuval/Documents/stuff/taatik_li
703 error Linux 4.4.0-19041-Microsoft
704 error argv "/usr/bin/node" "/usr/bin/npm" "install" "--global" "web-ext"
705 error node v8.10.0
706 error npm  v3.5.2
707 error code EMISSINGARG
708 error typeerror Error: Missing required argument #1
708 error typeerror     at andLogAndFinish (/usr/share/npm/lib/fetch-package-metadata.js:31:3)
708 error typeerror     at fetchPackageMetadata (/usr/share/npm/lib/fetch-package-metadata.js:51:22)
708 error typeerror     at resolveWithNewModule (/usr/share/npm/lib/install/deps.js:456:12)
708 error typeerror     at /usr/share/npm/lib/install/deps.js:457:7
708 error typeerror     at /usr/share/npm/node_modules/iferr/index.js:13:50
708 error typeerror     at /usr/share/npm/lib/fetch-package-metadata.js:37:12
708 error typeerror     at addRequestedAndFinish (/usr/share/npm/lib/fetch-package-metadata.js:82:5)
708 error typeerror     at returnAndAddMetadata (/usr/share/npm/lib/fetch-package-metadata.js:117:7)
708 error typeerror     at pickVersionFromRegistryDocument (/usr/share/npm/lib/fetch-package-metadata.js:134:20)
708 error typeerror     at /usr/share/npm/node_modules/iferr/index.js:13:50
709 error typeerror This is an error with npm itself. Please report this error at:
709 error typeerror     <http://github.com/npm/npm/issues>
710 verbose exit [ 1, true ]
